<?xml version="1.0" encoding="UTF-8"?>
<!-- Generated by org.testng.reporters.JUnitXMLReporter -->
<testsuite ignored="0" hostname="LAPTOP-US4V5RLR" failures="0" tests="11" name="Default test" time="0.134" errors="0" timestamp="2022-09-04T16:44:49 IST">
  <testcase classname="stringcal.TestCal" name="testNumberIsEmptySpace" time="0.018"/>
  <testcase classname="stringcal.TestCal" name="testNumberWithDifferentDelimiter" time="0.003"/>
  <testcase classname="stringcal.TestCal" name="testNumberWithDifferentDelimiterNewLine" time="0.002"/>
  <testcase classname="stringcal.TestCal" name="testNumberWithEvenIndicesSum" time="0.004"/>
  <testcase classname="stringcal.TestCal" name="testNumberWithMulitpleLengthDelimiter" time="0.002"/>
  <testcase classname="stringcal.TestCal" name="testNumberWithOddIndicesSum" time="0.002"/>
  <testcase classname="stringcal.TestCal" name="testStringHasAlphabets" time="0.002"/>
  <testcase classname="stringcal.TestCal" name="testStringHasOneNumber" time="0.001"/>
  <testcase classname="stringcal.TestCal" name="testStringHasTwoNumber" time="0.001"/>
  <testcase classname="stringcal.TestCal" name="testStringHasUnknownNumbers" time="0.002"/>
  <testcase classname="stringcal.TestCal" name="testStringNumberIsBiggerThanThousand" time="0.002"/>
</testsuite> <!-- Default test -->
